[ERROR] {01/09/2017 18:42:42.973} [http-apr-8080-exec-3] org.dozer.MappingProcessor - Field mapping error -->
  MapId: null
  Type: null
  Source parent class: org.sigmah.server.domain.element.ContactListElement
  Source field name: allowedModelIds
  Source field type: null
  Source field value: null
  Dest parent class: org.sigmah.shared.dto.element.ContactListElementDTO
  Dest field name: allowedModelIds
  Dest field type: java.util.Set
org.dozer.MappingException: java.lang.reflect.InvocationTargetException
	at org.dozer.util.MappingUtils.throwMappingException(MappingUtils.java:82) ~[dozer-5.5.1.jar:na]
	at org.dozer.util.ReflectionUtils.invoke(ReflectionUtils.java:339) ~[dozer-5.5.1.jar:na]
	at org.dozer.propertydescriptor.GetterSetterPropertyDescriptor.invokeReadMethod(GetterSetterPropertyDescriptor.java:278) ~[dozer-5.5.1.jar:na]
	at org.dozer.propertydescriptor.GetterSetterPropertyDescriptor.getPropertyValue(GetterSetterPropertyDescriptor.java:86) ~[dozer-5.5.1.jar:na]
	at org.dozer.fieldmap.FieldMap.getSrcFieldValue(FieldMap.java:86) ~[dozer-5.5.1.jar:na]
	at org.dozer.MappingProcessor.mapField(MappingProcessor.java:294) [dozer-5.5.1.jar:na]
	at org.dozer.MappingProcessor.map(MappingProcessor.java:267) [dozer-5.5.1.jar:na]
	at org.dozer.MappingProcessor.mapToDestObject(MappingProcessor.java:216) [dozer-5.5.1.jar:na]
	at org.dozer.MappingProcessor.createByCreationDirectiveAndMap(MappingProcessor.java:196) [dozer-5.5.1.jar:na]
	at org.dozer.MappingProcessor.mapCustomObject(MappingProcessor.java:512) [dozer-5.5.1.jar:na]
	at org.dozer.MappingProcessor.mapOrRecurseObject(MappingProcessor.java:465) [dozer-5.5.1.jar:na]
	at org.dozer.MappingProcessor.mapFromFieldMap(MappingProcessor.java:361) [dozer-5.5.1.jar:na]
	at org.dozer.MappingProcessor.mapField(MappingProcessor.java:307) [dozer-5.5.1.jar:na]
	at org.dozer.MappingProcessor.map(MappingProcessor.java:267) [dozer-5.5.1.jar:na]
	at org.dozer.MappingProcessor.mapToDestObject(MappingProcessor.java:216) [dozer-5.5.1.jar:na]
	at org.dozer.MappingProcessor.createByCreationDirectiveAndMap(MappingProcessor.java:196) [dozer-5.5.1.jar:na]
	at org.dozer.MappingProcessor.mapCustomObject(MappingProcessor.java:512) [dozer-5.5.1.jar:na]
	at org.dozer.MappingProcessor.mapOrRecurseObject(MappingProcessor.java:465) [dozer-5.5.1.jar:na]
	at org.dozer.MappingProcessor.addOrUpdateToList(MappingProcessor.java:820) [dozer-5.5.1.jar:na]
	at org.dozer.MappingProcessor.addOrUpdateToList(MappingProcessor.java:894) [dozer-5.5.1.jar:na]
	at org.dozer.MappingProcessor.mapListToList(MappingProcessor.java:730) [dozer-5.5.1.jar:na]
	at org.dozer.MappingProcessor.mapCollection(MappingProcessor.java:580) [dozer-5.5.1.jar:na]
	at org.dozer.MappingProcessor.mapOrRecurseObject(MappingProcessor.java:453) [dozer-5.5.1.jar:na]
	at org.dozer.MappingProcessor.mapFromFieldMap(MappingProcessor.java:361) [dozer-5.5.1.jar:na]
	at org.dozer.MappingProcessor.mapField(MappingProcessor.java:307) [dozer-5.5.1.jar:na]
	at org.dozer.MappingProcessor.map(MappingProcessor.java:267) [dozer-5.5.1.jar:na]
	at org.dozer.MappingProcessor.mapToDestObject(MappingProcessor.java:216) [dozer-5.5.1.jar:na]
	at org.dozer.MappingProcessor.createByCreationDirectiveAndMap(MappingProcessor.java:196) [dozer-5.5.1.jar:na]
	at org.dozer.MappingProcessor.mapCustomObject(MappingProcessor.java:512) [dozer-5.5.1.jar:na]
	at org.dozer.MappingProcessor.mapOrRecurseObject(MappingProcessor.java:465) [dozer-5.5.1.jar:na]
	at org.dozer.MappingProcessor.addOrUpdateToList(MappingProcessor.java:820) [dozer-5.5.1.jar:na]
	at org.dozer.MappingProcessor.addOrUpdateToList(MappingProcessor.java:894) [dozer-5.5.1.jar:na]
	at org.dozer.MappingProcessor.mapListToList(MappingProcessor.java:730) [dozer-5.5.1.jar:na]
	at org.dozer.MappingProcessor.mapCollection(MappingProcessor.java:580) [dozer-5.5.1.jar:na]
	at org.dozer.MappingProcessor.mapOrRecurseObject(MappingProcessor.java:453) [dozer-5.5.1.jar:na]
	at org.dozer.MappingProcessor.mapFromFieldMap(MappingProcessor.java:361) [dozer-5.5.1.jar:na]
	at org.dozer.MappingProcessor.mapField(MappingProcessor.java:307) [dozer-5.5.1.jar:na]
	at org.dozer.MappingProcessor.map(MappingProcessor.java:267) [dozer-5.5.1.jar:na]
	at org.dozer.MappingProcessor.mapToDestObject(MappingProcessor.java:216) [dozer-5.5.1.jar:na]
	at org.dozer.MappingProcessor.createByCreationDirectiveAndMap(MappingProcessor.java:196) [dozer-5.5.1.jar:na]
	at org.dozer.MappingProcessor.mapCustomObject(MappingProcessor.java:512) [dozer-5.5.1.jar:na]
	at org.dozer.MappingProcessor.mapOrRecurseObject(MappingProcessor.java:465) [dozer-5.5.1.jar:na]
	at org.dozer.MappingProcessor.mapFromFieldMap(MappingProcessor.java:361) [dozer-5.5.1.jar:na]
	at org.dozer.MappingProcessor.mapField(MappingProcessor.java:307) [dozer-5.5.1.jar:na]
	at org.dozer.MappingProcessor.map(MappingProcessor.java:267) [dozer-5.5.1.jar:na]
	at org.dozer.MappingProcessor.mapToDestObject(MappingProcessor.java:216) [dozer-5.5.1.jar:na]
	at org.dozer.MappingProcessor.createByCreationDirectiveAndMap(MappingProcessor.java:196) [dozer-5.5.1.jar:na]
	at org.dozer.MappingProcessor.mapGeneral(MappingProcessor.java:170) [dozer-5.5.1.jar:na]
	at org.dozer.MappingProcessor.map(MappingProcessor.java:104) [dozer-5.5.1.jar:na]
	at org.dozer.MappingProcessor.map(MappingProcessor.java:99) [dozer-5.5.1.jar:na]
	at org.dozer.DozerBeanMapper.map(DozerBeanMapper.java:120) [dozer-5.5.1.jar:na]
	at org.sigmah.server.mapper.DozerMapper.map(DozerMapper.java:61) [DozerMapper.class:na]
	at org.sigmah.server.service.base.AbstractEntityService.handleMapping(AbstractEntityService.java:132) [AbstractEntityService.class:na]
	at org.sigmah.server.service.base.AbstractEntityService.buildCreateResult(AbstractEntityService.java:117) [AbstractEntityService.class:na]
	at org.sigmah.server.handler.CreateEntityHandler.execute(CreateEntityHandler.java:91) [CreateEntityHandler.class:na]
	at org.sigmah.server.handler.CreateEntityHandler.execute(CreateEntityHandler.java:51) [CreateEntityHandler.class:na]
	at org.sigmah.server.handler.base.AbstractCommandHandler.execute(AbstractCommandHandler.java:117) [AbstractCommandHandler.class:na]
	at org.sigmah.server.dispatch.impl.UserDispatch.doExecute(UserDispatch.java:341) [UserDispatch.class:na]
	at org.sigmah.server.dispatch.impl.UserDispatch.execute(UserDispatch.java:251) [UserDispatch.class:na]
	at org.sigmah.server.dispatch.SecureDispatchServlet.execute(SecureDispatchServlet.java:170) [SecureDispatchServlet.class:na]
	at sun.reflect.GeneratedMethodAccessor141.invoke(Unknown Source) ~[na:na]
	at sun.reflect.DelegatingMethodAccessorImpl.invoke(Unknown Source) ~[na:1.8.0_111]
	at java.lang.reflect.Method.invoke(Unknown Source) ~[na:1.8.0_111]
	at com.google.gwt.user.server.rpc.RPC.invokeAndEncodeResponse(RPC.java:569) [gwt-servlet-2.4.0.jar:na]
	at com.google.gwt.user.server.rpc.RemoteServiceServlet.processCall(RemoteServiceServlet.java:208) [gwt-servlet-2.4.0.jar:na]
	at com.google.gwt.user.server.rpc.RemoteServiceServlet.processPost(RemoteServiceServlet.java:248) [gwt-servlet-2.4.0.jar:na]
	at com.google.gwt.user.server.rpc.AbstractRemoteServiceServlet.doPost(AbstractRemoteServiceServlet.java:62) [gwt-servlet-2.4.0.jar:na]
	at javax.servlet.http.HttpServlet.service(HttpServlet.java:648) [servlet-api.jar:na]
	at javax.servlet.http.HttpServlet.service(HttpServlet.java:729) [servlet-api.jar:na]
	at com.google.inject.servlet.ServletDefinition.doService(ServletDefinition.java:263) [guice-servlet-3.0.jar:na]
	at com.google.inject.servlet.ServletDefinition.service(ServletDefinition.java:178) [guice-servlet-3.0.jar:na]
	at com.google.inject.servlet.ManagedServletPipeline.service(ManagedServletPipeline.java:91) [guice-servlet-3.0.jar:na]
	at com.google.inject.servlet.FilterChainInvocation.doFilter(FilterChainInvocation.java:62) [guice-servlet-3.0.jar:na]
	at org.sigmah.server.servlet.filter.CacheFilter.doFilter(CacheFilter.java:143) [CacheFilter.class:na]
	at com.google.inject.servlet.FilterDefinition.doFilter(FilterDefinition.java:163) [guice-servlet-3.0.jar:na]
	at com.google.inject.servlet.FilterChainInvocation.doFilter(FilterChainInvocation.java:58) [guice-servlet-3.0.jar:na]
	at com.google.inject.persist.PersistFilter.doFilter(PersistFilter.java:89) [guice-persist-3.0.jar:na]
	at com.google.inject.servlet.FilterDefinition.doFilter(FilterDefinition.java:163) [guice-servlet-3.0.jar:na]
	at com.google.inject.servlet.FilterChainInvocation.doFilter(FilterChainInvocation.java:58) [guice-servlet-3.0.jar:na]
	at com.google.inject.servlet.ManagedFilterPipeline.dispatch(ManagedFilterPipeline.java:118) [guice-servlet-3.0.jar:na]
	at com.google.inject.servlet.GuiceFilter.doFilter(GuiceFilter.java:113) [guice-servlet-3.0.jar:na]
	at org.apache.catalina.core.ApplicationFilterChain.internalDoFilter(ApplicationFilterChain.java:239) [catalina.jar:8.0.22]
	at org.apache.catalina.core.ApplicationFilterChain.doFilter(ApplicationFilterChain.java:206) [catalina.jar:8.0.22]
	at org.apache.catalina.core.StandardWrapperValve.invoke(StandardWrapperValve.java:219) [catalina.jar:8.0.22]
	at org.apache.catalina.core.StandardContextValve.invoke(StandardContextValve.java:106) [catalina.jar:8.0.22]
	at org.apache.catalina.authenticator.AuthenticatorBase.invoke(AuthenticatorBase.java:502) [catalina.jar:8.0.22]
	at org.apache.catalina.core.StandardHostValve.invoke(StandardHostValve.java:142) [catalina.jar:8.0.22]
	at org.apache.catalina.valves.ErrorReportValve.invoke(ErrorReportValve.java:79) [catalina.jar:8.0.22]
	at org.apache.catalina.valves.AbstractAccessLogValve.invoke(AbstractAccessLogValve.java:617) [catalina.jar:8.0.22]
	at org.apache.catalina.core.StandardEngineValve.invoke(StandardEngineValve.java:88) [catalina.jar:8.0.22]
	at org.apache.catalina.connector.CoyoteAdapter.service(CoyoteAdapter.java:518) [catalina.jar:8.0.22]
	at org.apache.coyote.http11.AbstractHttp11Processor.process(AbstractHttp11Processor.java:1091) [tomcat-coyote.jar:8.0.22]
	at org.apache.coyote.AbstractProtocol$AbstractConnectionHandler.process(AbstractProtocol.java:668) [tomcat-coyote.jar:8.0.22]
	at org.apache.tomcat.util.net.AprEndpoint$SocketProcessor.doRun(AprEndpoint.java:2463) [tomcat-coyote.jar:8.0.22]
	at org.apache.tomcat.util.net.AprEndpoint$SocketProcessor.run(AprEndpoint.java:2452) [tomcat-coyote.jar:8.0.22]
	at java.util.concurrent.ThreadPoolExecutor.runWorker(Unknown Source) [na:1.8.0_111]
	at java.util.concurrent.ThreadPoolExecutor$Worker.run(Unknown Source) [na:1.8.0_111]
	at org.apache.tomcat.util.threads.TaskThread$WrappingRunnable.run(TaskThread.java:61) [tomcat-util.jar:8.0.22]
	at java.lang.Thread.run(Unknown Source) [na:1.8.0_111]
Caused by: java.lang.reflect.InvocationTargetException: null
	at sun.reflect.GeneratedMethodAccessor350.invoke(Unknown Source) ~[na:na]
	at sun.reflect.DelegatingMethodAccessorImpl.invoke(Unknown Source) ~[na:1.8.0_111]
	at java.lang.reflect.Method.invoke(Unknown Source) ~[na:1.8.0_111]
	at org.dozer.util.ReflectionUtils.invoke(ReflectionUtils.java:329) ~[dozer-5.5.1.jar:na]
	... 97 common frames omitted
Caused by: java.lang.NullPointerException: null
	at org.sigmah.server.domain.element.ContactListElement.getAllowedModelIds(ContactListElement.java:77) ~[ContactListElement.class:na]
	... 101 common frames omitted
[ERROR] {01/09/2017 18:42:43.013} [http-apr-8080-exec-3] org.dozer.MappingProcessor - Field mapping error -->
  MapId: null
  Type: null
  Source parent class: org.sigmah.server.domain.layout.LayoutConstraint
  Source field name: element
  Source field type: class org.sigmah.server.domain.element.ContactListElement
  Source field value: org.sigmah.server.domain.element.ContactListElement@21d3bf0b[id=565,label=If so, who are the consortium partners?,validates=false,amendable=false,exportable=true,globallyExportable=false]
  Dest parent class: org.sigmah.shared.dto.layout.LayoutConstraintDTO
  Dest field name: flexibleElementDTO
  Dest field type: org.sigmah.shared.dto.element.FlexibleElementDTO
org.dozer.MappingException: java.lang.reflect.InvocationTargetException
	at org.dozer.util.MappingUtils.throwMappingException(MappingUtils.java:82) ~[dozer-5.5.1.jar:na]
	at org.dozer.util.ReflectionUtils.invoke(ReflectionUtils.java:339) ~[dozer-5.5.1.jar:na]
	at org.dozer.propertydescriptor.GetterSetterPropertyDescriptor.invokeReadMethod(GetterSetterPropertyDescriptor.java:278) ~[dozer-5.5.1.jar:na]
	at org.dozer.propertydescriptor.GetterSetterPropertyDescriptor.getPropertyValue(GetterSetterPropertyDescriptor.java:86) ~[dozer-5.5.1.jar:na]
	at org.dozer.fieldmap.FieldMap.getSrcFieldValue(FieldMap.java:86) ~[dozer-5.5.1.jar:na]
	at org.dozer.MappingProcessor.mapField(MappingProcessor.java:294) [dozer-5.5.1.jar:na]
	at org.dozer.MappingProcessor.map(MappingProcessor.java:267) [dozer-5.5.1.jar:na]
	at org.dozer.MappingProcessor.mapToDestObject(MappingProcessor.java:216) [dozer-5.5.1.jar:na]
	at org.dozer.MappingProcessor.createByCreationDirectiveAndMap(MappingProcessor.java:196) [dozer-5.5.1.jar:na]
	at org.dozer.MappingProcessor.mapCustomObject(MappingProcessor.java:512) [dozer-5.5.1.jar:na]
	at org.dozer.MappingProcessor.mapOrRecurseObject(MappingProcessor.java:465) [dozer-5.5.1.jar:na]
	at org.dozer.MappingProcessor.mapFromFieldMap(MappingProcessor.java:361) [dozer-5.5.1.jar:na]
	at org.dozer.MappingProcessor.mapField(MappingProcessor.java:307) [dozer-5.5.1.jar:na]
	at org.dozer.MappingProcessor.map(MappingProcessor.java:267) [dozer-5.5.1.jar:na]
	at org.dozer.MappingProcessor.mapToDestObject(MappingProcessor.java:216) [dozer-5.5.1.jar:na]
	at org.dozer.MappingProcessor.createByCreationDirectiveAndMap(MappingProcessor.java:196) [dozer-5.5.1.jar:na]
	at org.dozer.MappingProcessor.mapCustomObject(MappingProcessor.java:512) [dozer-5.5.1.jar:na]
	at org.dozer.MappingProcessor.mapOrRecurseObject(MappingProcessor.java:465) [dozer-5.5.1.jar:na]
	at org.dozer.MappingProcessor.addOrUpdateToList(MappingProcessor.java:820) [dozer-5.5.1.jar:na]
	at org.dozer.MappingProcessor.addOrUpdateToList(MappingProcessor.java:894) [dozer-5.5.1.jar:na]
	at org.dozer.MappingProcessor.mapListToList(MappingProcessor.java:730) [dozer-5.5.1.jar:na]
	at org.dozer.MappingProcessor.mapCollection(MappingProcessor.java:580) [dozer-5.5.1.jar:na]
	at org.dozer.MappingProcessor.mapOrRecurseObject(MappingProcessor.java:453) [dozer-5.5.1.jar:na]
	at org.dozer.MappingProcessor.mapFromFieldMap(MappingProcessor.java:361) [dozer-5.5.1.jar:na]
	at org.dozer.MappingProcessor.mapField(MappingProcessor.java:307) [dozer-5.5.1.jar:na]
	at org.dozer.MappingProcessor.map(MappingProcessor.java:267) [dozer-5.5.1.jar:na]
	at org.dozer.MappingProcessor.mapToDestObject(MappingProcessor.java:216) [dozer-5.5.1.jar:na]
	at org.dozer.MappingProcessor.createByCreationDirectiveAndMap(MappingProcessor.java:196) [dozer-5.5.1.jar:na]
	at org.dozer.MappingProcessor.mapCustomObject(MappingProcessor.java:512) [dozer-5.5.1.jar:na]
	at org.dozer.MappingProcessor.mapOrRecurseObject(MappingProcessor.java:465) [dozer-5.5.1.jar:na]
	at org.dozer.MappingProcessor.addOrUpdateToList(MappingProcessor.java:820) [dozer-5.5.1.jar:na]
	at org.dozer.MappingProcessor.addOrUpdateToList(MappingProcessor.java:894) [dozer-5.5.1.jar:na]
	at org.dozer.MappingProcessor.mapListToList(MappingProcessor.java:730) [dozer-5.5.1.jar:na]
	at org.dozer.MappingProcessor.mapCollection(MappingProcessor.java:580) [dozer-5.5.1.jar:na]
	at org.dozer.MappingProcessor.mapOrRecurseObject(MappingProcessor.java:453) [dozer-5.5.1.jar:na]
	at org.dozer.MappingProcessor.mapFromFieldMap(MappingProcessor.java:361) [dozer-5.5.1.jar:na]
	at org.dozer.MappingProcessor.mapField(MappingProcessor.java:307) [dozer-5.5.1.jar:na]
	at org.dozer.MappingProcessor.map(MappingProcessor.java:267) [dozer-5.5.1.jar:na]
	at org.dozer.MappingProcessor.mapToDestObject(MappingProcessor.java:216) [dozer-5.5.1.jar:na]
	at org.dozer.MappingProcessor.createByCreationDirectiveAndMap(MappingProcessor.java:196) [dozer-5.5.1.jar:na]
	at org.dozer.MappingProcessor.mapCustomObject(MappingProcessor.java:512) [dozer-5.5.1.jar:na]
	at org.dozer.MappingProcessor.mapOrRecurseObject(MappingProcessor.java:465) [dozer-5.5.1.jar:na]
	at org.dozer.MappingProcessor.mapFromFieldMap(MappingProcessor.java:361) [dozer-5.5.1.jar:na]
	at org.dozer.MappingProcessor.mapField(MappingProcessor.java:307) [dozer-5.5.1.jar:na]
	at org.dozer.MappingProcessor.map(MappingProcessor.java:267) [dozer-5.5.1.jar:na]
	at org.dozer.MappingProcessor.mapToDestObject(MappingProcessor.java:216) [dozer-5.5.1.jar:na]
	at org.dozer.MappingProcessor.createByCreationDirectiveAndMap(MappingProcessor.java:196) [dozer-5.5.1.jar:na]
	at org.dozer.MappingProcessor.mapGeneral(MappingProcessor.java:170) [dozer-5.5.1.jar:na]
	at org.dozer.MappingProcessor.map(MappingProcessor.java:104) [dozer-5.5.1.jar:na]
	at org.dozer.MappingProcessor.map(MappingProcessor.java:99) [dozer-5.5.1.jar:na]
	at org.dozer.DozerBeanMapper.map(DozerBeanMapper.java:120) [dozer-5.5.1.jar:na]
	at org.sigmah.server.mapper.DozerMapper.map(DozerMapper.java:61) [DozerMapper.class:na]
	at org.sigmah.server.service.base.AbstractEntityService.handleMapping(AbstractEntityService.java:132) [AbstractEntityService.class:na]
	at org.sigmah.server.service.base.AbstractEntityService.buildCreateResult(AbstractEntityService.java:117) [AbstractEntityService.class:na]
	at org.sigmah.server.handler.CreateEntityHandler.execute(CreateEntityHandler.java:91) [CreateEntityHandler.class:na]
	at org.sigmah.server.handler.CreateEntityHandler.execute(CreateEntityHandler.java:51) [CreateEntityHandler.class:na]
	at org.sigmah.server.handler.base.AbstractCommandHandler.execute(AbstractCommandHandler.java:117) [AbstractCommandHandler.class:na]
	at org.sigmah.server.dispatch.impl.UserDispatch.doExecute(UserDispatch.java:341) [UserDispatch.class:na]
	at org.sigmah.server.dispatch.impl.UserDispatch.execute(UserDispatch.java:251) [UserDispatch.class:na]
	at org.sigmah.server.dispatch.SecureDispatchServlet.execute(SecureDispatchServlet.java:170) [SecureDispatchServlet.class:na]
	at sun.reflect.GeneratedMethodAccessor141.invoke(Unknown Source) ~[na:na]
	at sun.reflect.DelegatingMethodAccessorImpl.invoke(Unknown Source) ~[na:1.8.0_111]
	at java.lang.reflect.Method.invoke(Unknown Source) ~[na:1.8.0_111]
	at com.google.gwt.user.server.rpc.RPC.invokeAndEncodeResponse(RPC.java:569) [gwt-servlet-2.4.0.jar:na]
	at com.google.gwt.user.server.rpc.RemoteServiceServlet.processCall(RemoteServiceServlet.java:208) [gwt-servlet-2.4.0.jar:na]
	at com.google.gwt.user.server.rpc.RemoteServiceServlet.processPost(RemoteServiceServlet.java:248) [gwt-servlet-2.4.0.jar:na]
	at com.google.gwt.user.server.rpc.AbstractRemoteServiceServlet.doPost(AbstractRemoteServiceServlet.java:62) [gwt-servlet-2.4.0.jar:na]
	at javax.servlet.http.HttpServlet.service(HttpServlet.java:648) [servlet-api.jar:na]
	at javax.servlet.http.HttpServlet.service(HttpServlet.java:729) [servlet-api.jar:na]
	at com.google.inject.servlet.ServletDefinition.doService(ServletDefinition.java:263) [guice-servlet-3.0.jar:na]
	at com.google.inject.servlet.ServletDefinition.service(ServletDefinition.java:178) [guice-servlet-3.0.jar:na]
	at com.google.inject.servlet.ManagedServletPipeline.service(ManagedServletPipeline.java:91) [guice-servlet-3.0.jar:na]
	at com.google.inject.servlet.FilterChainInvocation.doFilter(FilterChainInvocation.java:62) [guice-servlet-3.0.jar:na]
	at org.sigmah.server.servlet.filter.CacheFilter.doFilter(CacheFilter.java:143) [CacheFilter.class:na]
	at com.google.inject.servlet.FilterDefinition.doFilter(FilterDefinition.java:163) [guice-servlet-3.0.jar:na]
	at com.google.inject.servlet.FilterChainInvocation.doFilter(FilterChainInvocation.java:58) [guice-servlet-3.0.jar:na]
	at com.google.inject.persist.PersistFilter.doFilter(PersistFilter.java:89) [guice-persist-3.0.jar:na]
	at com.google.inject.servlet.FilterDefinition.doFilter(FilterDefinition.java:163) [guice-servlet-3.0.jar:na]
	at com.google.inject.servlet.FilterChainInvocation.doFilter(FilterChainInvocation.java:58) [guice-servlet-3.0.jar:na]
	at com.google.inject.servlet.ManagedFilterPipeline.dispatch(ManagedFilterPipeline.java:118) [guice-servlet-3.0.jar:na]
	at com.google.inject.servlet.GuiceFilter.doFilter(GuiceFilter.java:113) [guice-servlet-3.0.jar:na]
	at org.apache.catalina.core.ApplicationFilterChain.internalDoFilter(ApplicationFilterChain.java:239) [catalina.jar:8.0.22]
	at org.apache.catalina.core.ApplicationFilterChain.doFilter(ApplicationFilterChain.java:206) [catalina.jar:8.0.22]
	at org.apache.catalina.core.StandardWrapperValve.invoke(StandardWrapperValve.java:219) [catalina.jar:8.0.22]
	at org.apache.catalina.core.StandardContextValve.invoke(StandardContextValve.java:106) [catalina.jar:8.0.22]
	at org.apache.catalina.authenticator.AuthenticatorBase.invoke(AuthenticatorBase.java:502) [catalina.jar:8.0.22]
	at org.apache.catalina.core.StandardHostValve.invoke(StandardHostValve.java:142) [catalina.jar:8.0.22]
	at org.apache.catalina.valves.ErrorReportValve.invoke(ErrorReportValve.java:79) [catalina.jar:8.0.22]
	at org.apache.catalina.valves.AbstractAccessLogValve.invoke(AbstractAccessLogValve.java:617) [catalina.jar:8.0.22]
	at org.apache.catalina.core.StandardEngineValve.invoke(StandardEngineValve.java:88) [catalina.jar:8.0.22]
	at org.apache.catalina.connector.CoyoteAdapter.service(CoyoteAdapter.java:518) [catalina.jar:8.0.22]
	at org.apache.coyote.http11.AbstractHttp11Processor.process(AbstractHttp11Processor.java:1091) [tomcat-coyote.jar:8.0.22]
	at org.apache.coyote.AbstractProtocol$AbstractConnectionHandler.process(AbstractProtocol.java:668) [tomcat-coyote.jar:8.0.22]
	at org.apache.tomcat.util.net.AprEndpoint$SocketProcessor.doRun(AprEndpoint.java:2463) [tomcat-coyote.jar:8.0.22]
	at org.apache.tomcat.util.net.AprEndpoint$SocketProcessor.run(AprEndpoint.java:2452) [tomcat-coyote.jar:8.0.22]
	at java.util.concurrent.ThreadPoolExecutor.runWorker(Unknown Source) [na:1.8.0_111]
	at java.util.concurrent.ThreadPoolExecutor$Worker.run(Unknown Source) [na:1.8.0_111]
	at org.apache.tomcat.util.threads.TaskThread$WrappingRunnable.run(TaskThread.java:61) [tomcat-util.jar:8.0.22]
	at java.lang.Thread.run(Unknown Source) [na:1.8.0_111]
Caused by: java.lang.reflect.InvocationTargetException: null
	at sun.reflect.GeneratedMethodAccessor350.invoke(Unknown Source) ~[na:na]
	at sun.reflect.DelegatingMethodAccessorImpl.invoke(Unknown Source) ~[na:1.8.0_111]
	at java.lang.reflect.Method.invoke(Unknown Source) ~[na:1.8.0_111]
	at org.dozer.util.ReflectionUtils.invoke(ReflectionUtils.java:329) ~[dozer-5.5.1.jar:na]
	... 97 common frames omitted
Caused by: java.lang.NullPointerException: null
	at org.sigmah.server.domain.element.ContactListElement.getAllowedModelIds(ContactListElement.java:77) ~[ContactListElement.class:na]
	... 101 common frames omitted
[ERROR] {01/09/2017 18:42:43.033} [http-apr-8080-exec-3] org.dozer.MappingProcessor - Field mapping error -->
  MapId: null
  Type: null
  Source parent class: org.sigmah.server.domain.layout.LayoutGroup
  Source field name: constraints
  Source field type: class java.util.ArrayList
  Source field value: [org.sigmah.server.domain.layout.LayoutConstraint@3f622467[id=554,sortOrder=30], org.sigmah.server.domain.layout.LayoutConstraint@133a4771[id=556,sortOrder=40], org.sigmah.server.domain.layout.LayoutConstraint@ba0d5eb[id=558,sortOrder=50], org.sigmah.server.domain.layout.LayoutConstraint@7786c42d[id=560,sortOrder=60], org.sigmah.server.domain.layout.LayoutConstraint@4b35970b[id=562,sortOrder=70], org.sigmah.server.domain.layout.LayoutConstraint@76f24ea1[id=566,sortOrder=80]]
  Dest parent class: org.sigmah.shared.dto.layout.LayoutGroupDTO
  Dest field name: constraints
  Dest field type: java.util.List
org.dozer.MappingException: java.lang.reflect.InvocationTargetException
	at org.dozer.util.MappingUtils.throwMappingException(MappingUtils.java:82) ~[dozer-5.5.1.jar:na]
	at org.dozer.util.ReflectionUtils.invoke(ReflectionUtils.java:339) ~[dozer-5.5.1.jar:na]
	at org.dozer.propertydescriptor.GetterSetterPropertyDescriptor.invokeReadMethod(GetterSetterPropertyDescriptor.java:278) ~[dozer-5.5.1.jar:na]
	at org.dozer.propertydescriptor.GetterSetterPropertyDescriptor.getPropertyValue(GetterSetterPropertyDescriptor.java:86) ~[dozer-5.5.1.jar:na]
	at org.dozer.fieldmap.FieldMap.getSrcFieldValue(FieldMap.java:86) ~[dozer-5.5.1.jar:na]
	at org.dozer.MappingProcessor.mapField(MappingProcessor.java:294) [dozer-5.5.1.jar:na]
	at org.dozer.MappingProcessor.map(MappingProcessor.java:267) [dozer-5.5.1.jar:na]
	at org.dozer.MappingProcessor.mapToDestObject(MappingProcessor.java:216) [dozer-5.5.1.jar:na]
	at org.dozer.MappingProcessor.createByCreationDirectiveAndMap(MappingProcessor.java:196) [dozer-5.5.1.jar:na]
	at org.dozer.MappingProcessor.mapCustomObject(MappingProcessor.java:512) [dozer-5.5.1.jar:na]
	at org.dozer.MappingProcessor.mapOrRecurseObject(MappingProcessor.java:465) [dozer-5.5.1.jar:na]
	at org.dozer.MappingProcessor.mapFromFieldMap(MappingProcessor.java:361) [dozer-5.5.1.jar:na]
	at org.dozer.MappingProcessor.mapField(MappingProcessor.java:307) [dozer-5.5.1.jar:na]
	at org.dozer.MappingProcessor.map(MappingProcessor.java:267) [dozer-5.5.1.jar:na]
	at org.dozer.MappingProcessor.mapToDestObject(MappingProcessor.java:216) [dozer-5.5.1.jar:na]
	at org.dozer.MappingProcessor.createByCreationDirectiveAndMap(MappingProcessor.java:196) [dozer-5.5.1.jar:na]
	at org.dozer.MappingProcessor.mapCustomObject(MappingProcessor.java:512) [dozer-5.5.1.jar:na]
	at org.dozer.MappingProcessor.mapOrRecurseObject(MappingProcessor.java:465) [dozer-5.5.1.jar:na]
	at org.dozer.MappingProcessor.addOrUpdateToList(MappingProcessor.java:820) [dozer-5.5.1.jar:na]
	at org.dozer.MappingProcessor.addOrUpdateToList(MappingProcessor.java:894) [dozer-5.5.1.jar:na]
	at org.dozer.MappingProcessor.mapListToList(MappingProcessor.java:730) [dozer-5.5.1.jar:na]
	at org.dozer.MappingProcessor.mapCollection(MappingProcessor.java:580) [dozer-5.5.1.jar:na]
	at org.dozer.MappingProcessor.mapOrRecurseObject(MappingProcessor.java:453) [dozer-5.5.1.jar:na]
	at org.dozer.MappingProcessor.mapFromFieldMap(MappingProcessor.java:361) [dozer-5.5.1.jar:na]
	at org.dozer.MappingProcessor.mapField(MappingProcessor.java:307) [dozer-5.5.1.jar:na]
	at org.dozer.MappingProcessor.map(MappingProcessor.java:267) [dozer-5.5.1.jar:na]
	at org.dozer.MappingProcessor.mapToDestObject(MappingProcessor.java:216) [dozer-5.5.1.jar:na]
	at org.dozer.MappingProcessor.createByCreationDirectiveAndMap(MappingProcessor.java:196) [dozer-5.5.1.jar:na]
	at org.dozer.MappingProcessor.mapCustomObject(MappingProcessor.java:512) [dozer-5.5.1.jar:na]
	at org.dozer.MappingProcessor.mapOrRecurseObject(MappingProcessor.java:465) [dozer-5.5.1.jar:na]
	at org.dozer.MappingProcessor.addOrUpdateToList(MappingProcessor.java:820) [dozer-5.5.1.jar:na]
	at org.dozer.MappingProcessor.addOrUpdateToList(MappingProcessor.java:894) [dozer-5.5.1.jar:na]
	at org.dozer.MappingProcessor.mapListToList(MappingProcessor.java:730) [dozer-5.5.1.jar:na]
	at org.dozer.MappingProcessor.mapCollection(MappingProcessor.java:580) [dozer-5.5.1.jar:na]
	at org.dozer.MappingProcessor.mapOrRecurseObject(MappingProcessor.java:453) [dozer-5.5.1.jar:na]
	at org.dozer.MappingProcessor.mapFromFieldMap(MappingProcessor.java:361) [dozer-5.5.1.jar:na]
	at org.dozer.MappingProcessor.mapField(MappingProcessor.java:307) [dozer-5.5.1.jar:na]
	at org.dozer.MappingProcessor.map(MappingProcessor.java:267) [dozer-5.5.1.jar:na]
	at org.dozer.MappingProcessor.mapToDestObject(MappingProcessor.java:216) [dozer-5.5.1.jar:na]
	at org.dozer.MappingProcessor.createByCreationDirectiveAndMap(MappingProcessor.java:196) [dozer-5.5.1.jar:na]
	at org.dozer.MappingProcessor.mapCustomObject(MappingProcessor.java:512) [dozer-5.5.1.jar:na]
	at org.dozer.MappingProcessor.mapOrRecurseObject(MappingProcessor.java:465) [dozer-5.5.1.jar:na]
	at org.dozer.MappingProcessor.mapFromFieldMap(MappingProcessor.java:361) [dozer-5.5.1.jar:na]
	at org.dozer.MappingProcessor.mapField(MappingProcessor.java:307) [dozer-5.5.1.jar:na]
	at org.dozer.MappingProcessor.map(MappingProcessor.java:267) [dozer-5.5.1.jar:na]
	at org.dozer.MappingProcessor.mapToDestObject(MappingProcessor.java:216) [dozer-5.5.1.jar:na]
	at org.dozer.MappingProcessor.createByCreationDirectiveAndMap(MappingProcessor.java:196) [dozer-5.5.1.jar:na]
	at org.dozer.MappingProcessor.mapGeneral(MappingProcessor.java:170) [dozer-5.5.1.jar:na]
	at org.dozer.MappingProcessor.map(MappingProcessor.java:104) [dozer-5.5.1.jar:na]
	at org.dozer.MappingProcessor.map(MappingProcessor.java:99) [dozer-5.5.1.jar:na]
	at org.dozer.DozerBeanMapper.map(DozerBeanMapper.java:120) [dozer-5.5.1.jar:na]
	at org.sigmah.server.mapper.DozerMapper.map(DozerMapper.java:61) [DozerMapper.class:na]
	at org.sigmah.server.service.base.AbstractEntityService.handleMapping(AbstractEntityService.java:132) [AbstractEntityService.class:na]
	at org.sigmah.server.service.base.AbstractEntityService.buildCreateResult(AbstractEntityService.java:117) [AbstractEntityService.class:na]
	at org.sigmah.server.handler.CreateEntityHandler.execute(CreateEntityHandler.java:91) [CreateEntityHandler.class:na]
	at org.sigmah.server.handler.CreateEntityHandler.execute(CreateEntityHandler.java:51) [CreateEntityHandler.class:na]
	at org.sigmah.server.handler.base.AbstractCommandHandler.execute(AbstractCommandHandler.java:117) [AbstractCommandHandler.class:na]
	at org.sigmah.server.dispatch.impl.UserDispatch.doExecute(UserDispatch.java:341) [UserDispatch.class:na]
	at org.sigmah.server.dispatch.impl.UserDispatch.execute(UserDispatch.java:251) [UserDispatch.class:na]
	at org.sigmah.server.dispatch.SecureDispatchServlet.execute(SecureDispatchServlet.java:170) [SecureDispatchServlet.class:na]
	at sun.reflect.GeneratedMethodAccessor141.invoke(Unknown Source) ~[na:na]
	at sun.reflect.DelegatingMethodAccessorImpl.invoke(Unknown Source) ~[na:1.8.0_111]
	at java.lang.reflect.Method.invoke(Unknown Source) ~[na:1.8.0_111]
	at com.google.gwt.user.server.rpc.RPC.invokeAndEncodeResponse(RPC.java:569) [gwt-servlet-2.4.0.jar:na]
	at com.google.gwt.user.server.rpc.RemoteServiceServlet.processCall(RemoteServiceServlet.java:208) [gwt-servlet-2.4.0.jar:na]
	at com.google.gwt.user.server.rpc.RemoteServiceServlet.processPost(RemoteServiceServlet.java:248) [gwt-servlet-2.4.0.jar:na]
	at com.google.gwt.user.server.rpc.AbstractRemoteServiceServlet.doPost(AbstractRemoteServiceServlet.java:62) [gwt-servlet-2.4.0.jar:na]
	at javax.servlet.http.HttpServlet.service(HttpServlet.java:648) [servlet-api.jar:na]
	at javax.servlet.http.HttpServlet.service(HttpServlet.java:729) [servlet-api.jar:na]
	at com.google.inject.servlet.ServletDefinition.doService(ServletDefinition.java:263) [guice-servlet-3.0.jar:na]
	at com.google.inject.servlet.ServletDefinition.service(ServletDefinition.java:178) [guice-servlet-3.0.jar:na]
	at com.google.inject.servlet.ManagedServletPipeline.service(ManagedServletPipeline.java:91) [guice-servlet-3.0.jar:na]
	at com.google.inject.servlet.FilterChainInvocation.doFilter(FilterChainInvocation.java:62) [guice-servlet-3.0.jar:na]
	at org.sigmah.server.servlet.filter.CacheFilter.doFilter(CacheFilter.java:143) [CacheFilter.class:na]
	at com.google.inject.servlet.FilterDefinition.doFilter(FilterDefinition.java:163) [guice-servlet-3.0.jar:na]
	at com.google.inject.servlet.FilterChainInvocation.doFilter(FilterChainInvocation.java:58) [guice-servlet-3.0.jar:na]
	at com.google.inject.persist.PersistFilter.doFilter(PersistFilter.java:89) [guice-persist-3.0.jar:na]
	at com.google.inject.servlet.FilterDefinition.doFilter(FilterDefinition.java:163) [guice-servlet-3.0.jar:na]
	at com.google.inject.servlet.FilterChainInvocation.doFilter(FilterChainInvocation.java:58) [guice-servlet-3.0.jar:na]
	at com.google.inject.servlet.ManagedFilterPipeline.dispatch(ManagedFilterPipeline.java:118) [guice-servlet-3.0.jar:na]
	at com.google.inject.servlet.GuiceFilter.doFilter(GuiceFilter.java:113) [guice-servlet-3.0.jar:na]
	at org.apache.catalina.core.ApplicationFilterChain.internalDoFilter(ApplicationFilterChain.java:239) [catalina.jar:8.0.22]
	at org.apache.catalina.core.ApplicationFilterChain.doFilter(ApplicationFilterChain.java:206) [catalina.jar:8.0.22]
	at org.apache.catalina.core.StandardWrapperValve.invoke(StandardWrapperValve.java:219) [catalina.jar:8.0.22]
	at org.apache.catalina.core.StandardContextValve.invoke(StandardContextValve.java:106) [catalina.jar:8.0.22]
	at org.apache.catalina.authenticator.AuthenticatorBase.invoke(AuthenticatorBase.java:502) [catalina.jar:8.0.22]
	at org.apache.catalina.core.StandardHostValve.invoke(StandardHostValve.java:142) [catalina.jar:8.0.22]
	at org.apache.catalina.valves.ErrorReportValve.invoke(ErrorReportValve.java:79) [catalina.jar:8.0.22]
	at org.apache.catalina.valves.AbstractAccessLogValve.invoke(AbstractAccessLogValve.java:617) [catalina.jar:8.0.22]
	at org.apache.catalina.core.StandardEngineValve.invoke(StandardEngineValve.java:88) [catalina.jar:8.0.22]
	at org.apache.catalina.connector.CoyoteAdapter.service(CoyoteAdapter.java:518) [catalina.jar:8.0.22]
	at org.apache.coyote.http11.AbstractHttp11Processor.process(AbstractHttp11Processor.java:1091) [tomcat-coyote.jar:8.0.22]
	at org.apache.coyote.AbstractProtocol$AbstractConnectionHandler.process(AbstractProtocol.java:668) [tomcat-coyote.jar:8.0.22]
	at org.apache.tomcat.util.net.AprEndpoint$SocketProcessor.doRun(AprEndpoint.java:2463) [tomcat-coyote.jar:8.0.22]
	at org.apache.tomcat.util.net.AprEndpoint$SocketProcessor.run(AprEndpoint.java:2452) [tomcat-coyote.jar:8.0.22]
	at java.util.concurrent.ThreadPoolExecutor.runWorker(Unknown Source) [na:1.8.0_111]
	at java.util.concurrent.ThreadPoolExecutor$Worker.run(Unknown Source) [na:1.8.0_111]
	at org.apache.tomcat.util.threads.TaskThread$WrappingRunnable.run(TaskThread.java:61) [tomcat-util.jar:8.0.22]
	at java.lang.Thread.run(Unknown Source) [na:1.8.0_111]
Caused by: java.lang.reflect.InvocationTargetException: null
	at sun.reflect.GeneratedMethodAccessor350.invoke(Unknown Source) ~[na:na]
	at sun.reflect.DelegatingMethodAccessorImpl.invoke(Unknown Source) ~[na:1.8.0_111]
	at java.lang.reflect.Method.invoke(Unknown Source) ~[na:1.8.0_111]
	at org.dozer.util.ReflectionUtils.invoke(ReflectionUtils.java:329) ~[dozer-5.5.1.jar:na]
	... 97 common frames omitted
Caused by: java.lang.NullPointerException: null
	at org.sigmah.server.domain.element.ContactListElement.getAllowedModelIds(ContactListElement.java:77) ~[ContactListElement.class:na]
	... 101 common frames omitted
[ERROR] {01/09/2017 18:42:43.043} [http-apr-8080-exec-3] org.dozer.MappingProcessor - Field mapping error -->
  MapId: null
  Type: null
  Source parent class: org.sigmah.server.domain.layout.Layout
  Source field name: groups
  Source field type: class java.util.ArrayList
  Source field value: [org.sigmah.server.domain.layout.LayoutGroup@f13dcc[id=548,row=1,column=0,title=Required expertise for proposal development,hasIterations=false], org.sigmah.server.domain.layout.LayoutGroup@dfae577[id=370,row=0,column=0,title=Project description,hasIterations=false]]
  Dest parent class: org.sigmah.shared.dto.layout.LayoutDTO
  Dest field name: groups
  Dest field type: java.util.List
org.dozer.MappingException: java.lang.reflect.InvocationTargetException
	at org.dozer.util.MappingUtils.throwMappingException(MappingUtils.java:82) ~[dozer-5.5.1.jar:na]
	at org.dozer.util.ReflectionUtils.invoke(ReflectionUtils.java:339) ~[dozer-5.5.1.jar:na]
	at org.dozer.propertydescriptor.GetterSetterPropertyDescriptor.invokeReadMethod(GetterSetterPropertyDescriptor.java:278) ~[dozer-5.5.1.jar:na]
	at org.dozer.propertydescriptor.GetterSetterPropertyDescriptor.getPropertyValue(GetterSetterPropertyDescriptor.java:86) ~[dozer-5.5.1.jar:na]
	at org.dozer.fieldmap.FieldMap.getSrcFieldValue(FieldMap.java:86) ~[dozer-5.5.1.jar:na]
	at org.dozer.MappingProcessor.mapField(MappingProcessor.java:294) [dozer-5.5.1.jar:na]
	at org.dozer.MappingProcessor.map(MappingProcessor.java:267) [dozer-5.5.1.jar:na]
	at org.dozer.MappingProcessor.mapToDestObject(MappingProcessor.java:216) [dozer-5.5.1.jar:na]
	at org.dozer.MappingProcessor.createByCreationDirectiveAndMap(MappingProcessor.java:196) [dozer-5.5.1.jar:na]
	at org.dozer.MappingProcessor.mapCustomObject(MappingProcessor.java:512) [dozer-5.5.1.jar:na]
	at org.dozer.MappingProcessor.mapOrRecurseObject(MappingProcessor.java:465) [dozer-5.5.1.jar:na]
	at org.dozer.MappingProcessor.mapFromFieldMap(MappingProcessor.java:361) [dozer-5.5.1.jar:na]
	at org.dozer.MappingProcessor.mapField(MappingProcessor.java:307) [dozer-5.5.1.jar:na]
	at org.dozer.MappingProcessor.map(MappingProcessor.java:267) [dozer-5.5.1.jar:na]
	at org.dozer.MappingProcessor.mapToDestObject(MappingProcessor.java:216) [dozer-5.5.1.jar:na]
	at org.dozer.MappingProcessor.createByCreationDirectiveAndMap(MappingProcessor.java:196) [dozer-5.5.1.jar:na]
	at org.dozer.MappingProcessor.mapCustomObject(MappingProcessor.java:512) [dozer-5.5.1.jar:na]
	at org.dozer.MappingProcessor.mapOrRecurseObject(MappingProcessor.java:465) [dozer-5.5.1.jar:na]
	at org.dozer.MappingProcessor.addOrUpdateToList(MappingProcessor.java:820) [dozer-5.5.1.jar:na]
	at org.dozer.MappingProcessor.addOrUpdateToList(MappingProcessor.java:894) [dozer-5.5.1.jar:na]
	at org.dozer.MappingProcessor.mapListToList(MappingProcessor.java:730) [dozer-5.5.1.jar:na]
	at org.dozer.MappingProcessor.mapCollection(MappingProcessor.java:580) [dozer-5.5.1.jar:na]
	at org.dozer.MappingProcessor.mapOrRecurseObject(MappingProcessor.java:453) [dozer-5.5.1.jar:na]
	at org.dozer.MappingProcessor.mapFromFieldMap(MappingProcessor.java:361) [dozer-5.5.1.jar:na]
	at org.dozer.MappingProcessor.mapField(MappingProcessor.java:307) [dozer-5.5.1.jar:na]
	at org.dozer.MappingProcessor.map(MappingProcessor.java:267) [dozer-5.5.1.jar:na]
	at org.dozer.MappingProcessor.mapToDestObject(MappingProcessor.java:216) [dozer-5.5.1.jar:na]
	at org.dozer.MappingProcessor.createByCreationDirectiveAndMap(MappingProcessor.java:196) [dozer-5.5.1.jar:na]
	at org.dozer.MappingProcessor.mapCustomObject(MappingProcessor.java:512) [dozer-5.5.1.jar:na]
	at org.dozer.MappingProcessor.mapOrRecurseObject(MappingProcessor.java:465) [dozer-5.5.1.jar:na]
	at org.dozer.MappingProcessor.addOrUpdateToList(MappingProcessor.java:820) [dozer-5.5.1.jar:na]
	at org.dozer.MappingProcessor.addOrUpdateToList(MappingProcessor.java:894) [dozer-5.5.1.jar:na]
	at org.dozer.MappingProcessor.mapListToList(MappingProcessor.java:730) [dozer-5.5.1.jar:na]
	at org.dozer.MappingProcessor.mapCollection(MappingProcessor.java:580) [dozer-5.5.1.jar:na]
	at org.dozer.MappingProcessor.mapOrRecurseObject(MappingProcessor.java:453) [dozer-5.5.1.jar:na]
	at org.dozer.MappingProcessor.mapFromFieldMap(MappingProcessor.java:361) [dozer-5.5.1.jar:na]
	at org.dozer.MappingProcessor.mapField(MappingProcessor.java:307) [dozer-5.5.1.jar:na]
	at org.dozer.MappingProcessor.map(MappingProcessor.java:267) [dozer-5.5.1.jar:na]
	at org.dozer.MappingProcessor.mapToDestObject(MappingProcessor.java:216) [dozer-5.5.1.jar:na]
	at org.dozer.MappingProcessor.createByCreationDirectiveAndMap(MappingProcessor.java:196) [dozer-5.5.1.jar:na]
	at org.dozer.MappingProcessor.mapCustomObject(MappingProcessor.java:512) [dozer-5.5.1.jar:na]
	at org.dozer.MappingProcessor.mapOrRecurseObject(MappingProcessor.java:465) [dozer-5.5.1.jar:na]
	at org.dozer.MappingProcessor.mapFromFieldMap(MappingProcessor.java:361) [dozer-5.5.1.jar:na]
	at org.dozer.MappingProcessor.mapField(MappingProcessor.java:307) [dozer-5.5.1.jar:na]
	at org.dozer.MappingProcessor.map(MappingProcessor.java:267) [dozer-5.5.1.jar:na]
	at org.dozer.MappingProcessor.mapToDestObject(MappingProcessor.java:216) [dozer-5.5.1.jar:na]
	at org.dozer.MappingProcessor.createByCreationDirectiveAndMap(MappingProcessor.java:196) [dozer-5.5.1.jar:na]
	at org.dozer.MappingProcessor.mapGeneral(MappingProcessor.java:170) [dozer-5.5.1.jar:na]
	at org.dozer.MappingProcessor.map(MappingProcessor.java:104) [dozer-5.5.1.jar:na]
	at org.dozer.MappingProcessor.map(MappingProcessor.java:99) [dozer-5.5.1.jar:na]
	at org.dozer.DozerBeanMapper.map(DozerBeanMapper.java:120) [dozer-5.5.1.jar:na]
	at org.sigmah.server.mapper.DozerMapper.map(DozerMapper.java:61) [DozerMapper.class:na]
	at org.sigmah.server.service.base.AbstractEntityService.handleMapping(AbstractEntityService.java:132) [AbstractEntityService.class:na]
	at org.sigmah.server.service.base.AbstractEntityService.buildCreateResult(AbstractEntityService.java:117) [AbstractEntityService.class:na]
	at org.sigmah.server.handler.CreateEntityHandler.execute(CreateEntityHandler.java:91) [CreateEntityHandler.class:na]
	at org.sigmah.server.handler.CreateEntityHandler.execute(CreateEntityHandler.java:51) [CreateEntityHandler.class:na]
	at org.sigmah.server.handler.base.AbstractCommandHandler.execute(AbstractCommandHandler.java:117) [AbstractCommandHandler.class:na]
	at org.sigmah.server.dispatch.impl.UserDispatch.doExecute(UserDispatch.java:341) [UserDispatch.class:na]
	at org.sigmah.server.dispatch.impl.UserDispatch.execute(UserDispatch.java:251) [UserDispatch.class:na]
	at org.sigmah.server.dispatch.SecureDispatchServlet.execute(SecureDispatchServlet.java:170) [SecureDispatchServlet.class:na]
	at sun.reflect.GeneratedMethodAccessor141.invoke(Unknown Source) ~[na:na]
	at sun.reflect.DelegatingMethodAccessorImpl.invoke(Unknown Source) ~[na:1.8.0_111]
	at java.lang.reflect.Method.invoke(Unknown Source) ~[na:1.8.0_111]
	at com.google.gwt.user.server.rpc.RPC.invokeAndEncodeResponse(RPC.java:569) [gwt-servlet-2.4.0.jar:na]
	at com.google.gwt.user.server.rpc.RemoteServiceServlet.processCall(RemoteServiceServlet.java:208) [gwt-servlet-2.4.0.jar:na]
	at com.google.gwt.user.server.rpc.RemoteServiceServlet.processPost(RemoteServiceServlet.java:248) [gwt-servlet-2.4.0.jar:na]
	at com.google.gwt.user.server.rpc.AbstractRemoteServiceServlet.doPost(AbstractRemoteServiceServlet.java:62) [gwt-servlet-2.4.0.jar:na]
	at javax.servlet.http.HttpServlet.service(HttpServlet.java:648) [servlet-api.jar:na]
	at javax.servlet.http.HttpServlet.service(HttpServlet.java:729) [servlet-api.jar:na]
	at com.google.inject.servlet.ServletDefinition.doService(ServletDefinition.java:263) [guice-servlet-3.0.jar:na]
	at com.google.inject.servlet.ServletDefinition.service(ServletDefinition.java:178) [guice-servlet-3.0.jar:na]
	at com.google.inject.servlet.ManagedServletPipeline.service(ManagedServletPipeline.java:91) [guice-servlet-3.0.jar:na]
	at com.google.inject.servlet.FilterChainInvocation.doFilter(FilterChainInvocation.java:62) [guice-servlet-3.0.jar:na]
	at org.sigmah.server.servlet.filter.CacheFilter.doFilter(CacheFilter.java:143) [CacheFilter.class:na]
	at com.google.inject.servlet.FilterDefinition.doFilter(FilterDefinition.java:163) [guice-servlet-3.0.jar:na]
	at com.google.inject.servlet.FilterChainInvocation.doFilter(FilterChainInvocation.java:58) [guice-servlet-3.0.jar:na]
	at com.google.inject.persist.PersistFilter.doFilter(PersistFilter.java:89) [guice-persist-3.0.jar:na]
	at com.google.inject.servlet.FilterDefinition.doFilter(FilterDefinition.java:163) [guice-servlet-3.0.jar:na]
	at com.google.inject.servlet.FilterChainInvocation.doFilter(FilterChainInvocation.java:58) [guice-servlet-3.0.jar:na]
	at com.google.inject.servlet.ManagedFilterPipeline.dispatch(ManagedFilterPipeline.java:118) [guice-servlet-3.0.jar:na]
	at com.google.inject.servlet.GuiceFilter.doFilter(GuiceFilter.java:113) [guice-servlet-3.0.jar:na]
	at org.apache.catalina.core.ApplicationFilterChain.internalDoFilter(ApplicationFilterChain.java:239) [catalina.jar:8.0.22]
	at org.apache.catalina.core.ApplicationFilterChain.doFilter(ApplicationFilterChain.java:206) [catalina.jar:8.0.22]
	at org.apache.catalina.core.StandardWrapperValve.invoke(StandardWrapperValve.java:219) [catalina.jar:8.0.22]
	at org.apache.catalina.core.StandardContextValve.invoke(StandardContextValve.java:106) [catalina.jar:8.0.22]
	at org.apache.catalina.authenticator.AuthenticatorBase.invoke(AuthenticatorBase.java:502) [catalina.jar:8.0.22]
	at org.apache.catalina.core.StandardHostValve.invoke(StandardHostValve.java:142) [catalina.jar:8.0.22]
	at org.apache.catalina.valves.ErrorReportValve.invoke(ErrorReportValve.java:79) [catalina.jar:8.0.22]
	at org.apache.catalina.valves.AbstractAccessLogValve.invoke(AbstractAccessLogValve.java:617) [catalina.jar:8.0.22]
	at org.apache.catalina.core.StandardEngineValve.invoke(StandardEngineValve.java:88) [catalina.jar:8.0.22]
	at org.apache.catalina.connector.CoyoteAdapter.service(CoyoteAdapter.java:518) [catalina.jar:8.0.22]
	at org.apache.coyote.http11.AbstractHttp11Processor.process(AbstractHttp11Processor.java:1091) [tomcat-coyote.jar:8.0.22]
	at org.apache.coyote.AbstractProtocol$AbstractConnectionHandler.process(AbstractProtocol.java:668) [tomcat-coyote.jar:8.0.22]
	at org.apache.tomcat.util.net.AprEndpoint$SocketProcessor.doRun(AprEndpoint.java:2463) [tomcat-coyote.jar:8.0.22]
	at org.apache.tomcat.util.net.AprEndpoint$SocketProcessor.run(AprEndpoint.java:2452) [tomcat-coyote.jar:8.0.22]
	at java.util.concurrent.ThreadPoolExecutor.runWorker(Unknown Source) [na:1.8.0_111]
	at java.util.concurrent.ThreadPoolExecutor$Worker.run(Unknown Source) [na:1.8.0_111]
	at org.apache.tomcat.util.threads.TaskThread$WrappingRunnable.run(TaskThread.java:61) [tomcat-util.jar:8.0.22]
	at java.lang.Thread.run(Unknown Source) [na:1.8.0_111]
Caused by: java.lang.reflect.InvocationTargetException: null
	at sun.reflect.GeneratedMethodAccessor350.invoke(Unknown Source) ~[na:na]
	at sun.reflect.DelegatingMethodAccessorImpl.invoke(Unknown Source) ~[na:1.8.0_111]
	at java.lang.reflect.Method.invoke(Unknown Source) ~[na:1.8.0_111]
	at org.dozer.util.ReflectionUtils.invoke(ReflectionUtils.java:329) ~[dozer-5.5.1.jar:na]
	... 97 common frames omitted
Caused by: java.lang.NullPointerException: null
	at org.sigmah.server.domain.element.ContactListElement.getAllowedModelIds(ContactListElement.java:77) ~[ContactListElement.class:na]
	... 101 common frames omitted
[ERROR] {01/09/2017 18:42:43.053} [http-apr-8080-exec-3] org.dozer.MappingProcessor - Field mapping error -->
  MapId: null
  Type: null
  Source parent class: org.sigmah.server.domain.layout.LayoutGroup
  Source field name: parentLayout
  Source field type: class org.sigmah.server.domain.layout.Layout
  Source field value: org.sigmah.server.domain.layout.Layout@6f3404e0[id=369]
  Dest parent class: org.sigmah.shared.dto.layout.LayoutGroupDTO
  Dest field name: parentLayout
  Dest field type: org.sigmah.shared.dto.layout.LayoutDTO
org.dozer.MappingException: java.lang.reflect.InvocationTargetException
	at org.dozer.util.MappingUtils.throwMappingException(MappingUtils.java:82) ~[dozer-5.5.1.jar:na]
	at org.dozer.util.ReflectionUtils.invoke(ReflectionUtils.java:339) ~[dozer-5.5.1.jar:na]
	at org.dozer.propertydescriptor.GetterSetterPropertyDescriptor.invokeReadMethod(GetterSetterPropertyDescriptor.java:278) ~[dozer-5.5.1.jar:na]
	at org.dozer.propertydescriptor.GetterSetterPropertyDescriptor.getPropertyValue(GetterSetterPropertyDescriptor.java:86) ~[dozer-5.5.1.jar:na]
	at org.dozer.fieldmap.FieldMap.getSrcFieldValue(FieldMap.java:86) ~[dozer-5.5.1.jar:na]
	at org.dozer.MappingProcessor.mapField(MappingProcessor.java:294) [dozer-5.5.1.jar:na]
	at org.dozer.MappingProcessor.map(MappingProcessor.java:267) [dozer-5.5.1.jar:na]
	at org.dozer.MappingProcessor.mapToDestObject(MappingProcessor.java:216) [dozer-5.5.1.jar:na]
	at org.dozer.MappingProcessor.createByCreationDirectiveAndMap(MappingProcessor.java:196) [dozer-5.5.1.jar:na]
	at org.dozer.MappingProcessor.mapCustomObject(MappingProcessor.java:512) [dozer-5.5.1.jar:na]
	at org.dozer.MappingProcessor.mapOrRecurseObject(MappingProcessor.java:465) [dozer-5.5.1.jar:na]
	at org.dozer.MappingProcessor.mapFromFieldMap(MappingProcessor.java:361) [dozer-5.5.1.jar:na]
	at org.dozer.MappingProcessor.mapField(MappingProcessor.java:307) [dozer-5.5.1.jar:na]
	at org.dozer.MappingProcessor.map(MappingProcessor.java:267) [dozer-5.5.1.jar:na]
	at org.dozer.MappingProcessor.mapToDestObject(MappingProcessor.java:216) [dozer-5.5.1.jar:na]
	at org.dozer.MappingProcessor.createByCreationDirectiveAndMap(MappingProcessor.java:196) [dozer-5.5.1.jar:na]
	at org.dozer.MappingProcessor.mapCustomObject(MappingProcessor.java:512) [dozer-5.5.1.jar:na]
	at org.dozer.MappingProcessor.mapOrRecurseObject(MappingProcessor.java:465) [dozer-5.5.1.jar:na]
	at org.dozer.MappingProcessor.addOrUpdateToList(MappingProcessor.java:820) [dozer-5.5.1.jar:na]
	at org.dozer.MappingProcessor.addOrUpdateToList(MappingProcessor.java:894) [dozer-5.5.1.jar:na]
	at org.dozer.MappingProcessor.mapListToList(MappingProcessor.java:730) [dozer-5.5.1.jar:na]
	at org.dozer.MappingProcessor.mapCollection(MappingProcessor.java:580) [dozer-5.5.1.jar:na]
	at org.dozer.MappingProcessor.mapOrRecurseObject(MappingProcessor.java:453) [dozer-5.5.1.jar:na]
	at org.dozer.MappingProcessor.mapFromFieldMap(MappingProcessor.java:361) [dozer-5.5.1.jar:na]
	at org.dozer.MappingProcessor.mapField(MappingProcessor.java:307) [dozer-5.5.1.jar:na]
	at org.dozer.MappingProcessor.map(MappingProcessor.java:267) [dozer-5.5.1.jar:na]
	at org.dozer.MappingProcessor.mapToDestObject(MappingProcessor.java:216) [dozer-5.5.1.jar:na]
	at org.dozer.MappingProcessor.createByCreationDirectiveAndMap(MappingProcessor.java:196) [dozer-5.5.1.jar:na]
	at org.dozer.MappingProcessor.mapCustomObject(MappingProcessor.java:512) [dozer-5.5.1.jar:na]
	at org.dozer.MappingProcessor.mapOrRecurseObject(MappingProcessor.java:465) [dozer-5.5.1.jar:na]
	at org.dozer.MappingProcessor.addOrUpdateToList(MappingProcessor.java:820) [dozer-5.5.1.jar:na]
	at org.dozer.MappingProcessor.addOrUpdateToList(MappingProcessor.java:894) [dozer-5.5.1.jar:na]
	at org.dozer.MappingProcessor.mapListToList(MappingProcessor.java:730) [dozer-5.5.1.jar:na]
	at org.dozer.MappingProcessor.mapCollection(MappingProcessor.java:580) [dozer-5.5.1.jar:na]
	at org.dozer.MappingProcessor.mapOrRecurseObject(MappingProcessor.java:453) [dozer-5.5.1.jar:na]
	at org.dozer.MappingProcessor.mapFromFieldMap(MappingProcessor.java:361) [dozer-5.5.1.jar:na]
	at org.dozer.MappingProcessor.mapField(MappingProcessor.java:307) [dozer-5.5.1.jar:na]
	at org.dozer.MappingProcessor.map(MappingProcessor.java:267) [dozer-5.5.1.jar:na]
	at org.dozer.MappingProcessor.mapToDestObject(MappingProcessor.java:216) [dozer-5.5.1.jar:na]
	at org.dozer.MappingProcessor.createByCreationDirectiveAndMap(MappingProcessor.java:196) [dozer-5.5.1.jar:na]
	at org.dozer.MappingProcessor.mapCustomObject(MappingProcessor.java:512) [dozer-5.5.1.jar:na]
	at org.dozer.MappingProcessor.mapOrRecurseObject(MappingProcessor.java:465) [dozer-5.5.1.jar:na]
	at org.dozer.MappingProcessor.mapFromFieldMap(MappingProcessor.java:361) [dozer-5.5.1.jar:na]
	at org.dozer.MappingProcessor.mapField(MappingProcessor.java:307) [dozer-5.5.1.jar:na]
	at org.dozer.MappingProcessor.map(MappingProcessor.java:267) [dozer-5.5.1.jar:na]
	at org.dozer.MappingProcessor.mapToDestObject(MappingProcessor.java:216) [dozer-5.5.1.jar:na]
	at org.dozer.MappingProcessor.createByCreationDirectiveAndMap(MappingProcessor.java:196) [dozer-5.5.1.jar:na]
	at org.dozer.MappingProcessor.mapGeneral(MappingProcessor.java:170) [dozer-5.5.1.jar:na]
	at org.dozer.MappingProcessor.map(MappingProcessor.java:104) [dozer-5.5.1.jar:na]
	at org.dozer.MappingProcessor.map(MappingProcessor.java:99) [dozer-5.5.1.jar:na]
	at org.dozer.DozerBeanMapper.map(DozerBeanMapper.java:120) [dozer-5.5.1.jar:na]
	at org.sigmah.server.mapper.DozerMapper.map(DozerMapper.java:61) [DozerMapper.class:na]
	at org.sigmah.server.service.base.AbstractEntityService.handleMapping(AbstractEntityService.java:132) [AbstractEntityService.class:na]
	at org.sigmah.server.service.base.AbstractEntityService.buildCreateResult(AbstractEntityService.java:117) [AbstractEntityService.class:na]
	at org.sigmah.server.handler.CreateEntityHandler.execute(CreateEntityHandler.java:91) [CreateEntityHandler.class:na]
	at org.sigmah.server.handler.CreateEntityHandler.execute(CreateEntityHandler.java:51) [CreateEntityHandler.class:na]
	at org.sigmah.server.handler.base.AbstractCommandHandler.execute(AbstractCommandHandler.java:117) [AbstractCommandHandler.class:na]
	at org.sigmah.server.dispatch.impl.UserDispatch.doExecute(UserDispatch.java:341) [UserDispatch.class:na]
	at org.sigmah.server.dispatch.impl.UserDispatch.execute(UserDispatch.java:251) [UserDispatch.class:na]
	at org.sigmah.server.dispatch.SecureDispatchServlet.execute(SecureDispatchServlet.java:170) [SecureDispatchServlet.class:na]
	at sun.reflect.GeneratedMethodAccessor141.invoke(Unknown Source) ~[na:na]
	at sun.reflect.DelegatingMethodAccessorImpl.invoke(Unknown Source) ~[na:1.8.0_111]
	at java.lang.reflect.Method.invoke(Unknown Source) ~[na:1.8.0_111]
	at com.google.gwt.user.server.rpc.RPC.invokeAndEncodeResponse(RPC.java:569) [gwt-servlet-2.4.0.jar:na]
	at com.google.gwt.user.server.rpc.RemoteServiceServlet.processCall(RemoteServiceServlet.java:208) [gwt-servlet-2.4.0.jar:na]
	at com.google.gwt.user.server.rpc.RemoteServiceServlet.processPost(RemoteServiceServlet.java:248) [gwt-servlet-2.4.0.jar:na]
	at com.google.gwt.user.server.rpc.AbstractRemoteServiceServlet.doPost(AbstractRemoteServiceServlet.java:62) [gwt-servlet-2.4.0.jar:na]
	at javax.servlet.http.HttpServlet.service(HttpServlet.java:648) [servlet-api.jar:na]
	at javax.servlet.http.HttpServlet.service(HttpServlet.java:729) [servlet-api.jar:na]
	at com.google.inject.servlet.ServletDefinition.doService(ServletDefinition.java:263) [guice-servlet-3.0.jar:na]
	at com.google.inject.servlet.ServletDefinition.service(ServletDefinition.java:178) [guice-servlet-3.0.jar:na]
	at com.google.inject.servlet.ManagedServletPipeline.service(ManagedServletPipeline.java:91) [guice-servlet-3.0.jar:na]
	at com.google.inject.servlet.FilterChainInvocation.doFilter(FilterChainInvocation.java:62) [guice-servlet-3.0.jar:na]
	at org.sigmah.server.servlet.filter.CacheFilter.doFilter(CacheFilter.java:143) [CacheFilter.class:na]
	at com.google.inject.servlet.FilterDefinition.doFilter(FilterDefinition.java:163) [guice-servlet-3.0.jar:na]
	at com.google.inject.servlet.FilterChainInvocation.doFilter(FilterChainInvocation.java:58) [guice-servlet-3.0.jar:na]
	at com.google.inject.persist.PersistFilter.doFilter(PersistFilter.java:89) [guice-persist-3.0.jar:na]
	at com.google.inject.servlet.FilterDefinition.doFilter(FilterDefinition.java:163) [guice-servlet-3.0.jar:na]
	at com.google.inject.servlet.FilterChainInvocation.doFilter(FilterChainInvocation.java:58) [guice-servlet-3.0.jar:na]
	at com.google.inject.servlet.ManagedFilterPipeline.dispatch(ManagedFilterPipeline.java:118) [guice-servlet-3.0.jar:na]
	at com.google.inject.servlet.GuiceFilter.doFilter(GuiceFilter.java:113) [guice-servlet-3.0.jar:na]
	at org.apache.catalina.core.ApplicationFilterChain.internalDoFilter(ApplicationFilterChain.java:239) [catalina.jar:8.0.22]
	at org.apache.catalina.core.ApplicationFilterChain.doFilter(ApplicationFilterChain.java:206) [catalina.jar:8.0.22]
	at org.apache.catalina.core.StandardWrapperValve.invoke(StandardWrapperValve.java:219) [catalina.jar:8.0.22]
	at org.apache.catalina.core.StandardContextValve.invoke(StandardContextValve.java:106) [catalina.jar:8.0.22]
	at org.apache.catalina.authenticator.AuthenticatorBase.invoke(AuthenticatorBase.java:502) [catalina.jar:8.0.22]
	at org.apache.catalina.core.StandardHostValve.invoke(StandardHostValve.java:142) [catalina.jar:8.0.22]
	at org.apache.catalina.valves.ErrorReportValve.invoke(ErrorReportValve.java:79) [catalina.jar:8.0.22]
	at org.apache.catalina.valves.AbstractAccessLogValve.invoke(AbstractAccessLogValve.java:617) [catalina.jar:8.0.22]
	at org.apache.catalina.core.StandardEngineValve.invoke(StandardEngineValve.java:88) [catalina.jar:8.0.22]
	at org.apache.catalina.connector.CoyoteAdapter.service(CoyoteAdapter.java:518) [catalina.jar:8.0.22]
	at org.apache.coyote.http11.AbstractHttp11Processor.process(AbstractHttp11Processor.java:1091) [tomcat-coyote.jar:8.0.22]
	at org.apache.coyote.AbstractProtocol$AbstractConnectionHandler.process(AbstractProtocol.java:668) [tomcat-coyote.jar:8.0.22]
	at org.apache.tomcat.util.net.AprEndpoint$SocketProcessor.doRun(AprEndpoint.java:2463) [tomcat-coyote.jar:8.0.22]
	at org.apache.tomcat.util.net.AprEndpoint$SocketProcessor.run(AprEndpoint.java:2452) [tomcat-coyote.jar:8.0.22]
	at java.util.concurrent.ThreadPoolExecutor.runWorker(Unknown Source) [na:1.8.0_111]
	at java.util.concurrent.ThreadPoolExecutor$Worker.run(Unknown Source) [na:1.8.0_111]
	at org.apache.tomcat.util.threads.TaskThread$WrappingRunnable.run(TaskThread.java:61) [tomcat-util.jar:8.0.22]
	at java.lang.Thread.run(Unknown Source) [na:1.8.0_111]
Caused by: java.lang.reflect.InvocationTargetException: null
	at sun.reflect.GeneratedMethodAccessor350.invoke(Unknown Source) ~[na:na]
	at sun.reflect.DelegatingMethodAccessorImpl.invoke(Unknown Source) ~[na:1.8.0_111]
	at java.lang.reflect.Method.invoke(Unknown Source) ~[na:1.8.0_111]
	at org.dozer.util.ReflectionUtils.invoke(ReflectionUtils.java:329) ~[dozer-5.5.1.jar:na]
	... 97 common frames omitted
Caused by: java.lang.NullPointerException: null
	at org.sigmah.server.domain.element.ContactListElement.getAllowedModelIds(ContactListElement.java:77) ~[ContactListElement.class:na]
	... 101 common frames omitted
[ERROR] {01/09/2017 18:42:43.063} [http-apr-8080-exec-3] o.s.s.d.SecureDispatchServlet - COMMAND EXECUTION FAILED - Command execution: 'org.sigmah.client.security.SecureDispatchAsync$CommandExecution[authToken=b77f851686a7b11b2f395bbe76b0e304, command=org.sigmah.shared.command.CreateEntity[entityName=layout.LayoutGroup, properties={NewLayoutGroup=org.sigmah.shared.dto.layout.LayoutGroupDTO[entity=layout.LayoutGroup, id=null, title=Trips, row=2, column=0, hasIterations=false]}], currentPageToken=layout-group-edit]' ; User: 'B. van Ommen (78)' ; RuntimeException while executing.
org.dozer.MappingException: java.lang.reflect.InvocationTargetException
	at org.dozer.util.MappingUtils.throwMappingException(MappingUtils.java:82) ~[dozer-5.5.1.jar:na]
	at org.dozer.util.ReflectionUtils.invoke(ReflectionUtils.java:339) ~[dozer-5.5.1.jar:na]
	at org.dozer.propertydescriptor.GetterSetterPropertyDescriptor.invokeReadMethod(GetterSetterPropertyDescriptor.java:278) ~[dozer-5.5.1.jar:na]
	at org.dozer.propertydescriptor.GetterSetterPropertyDescriptor.getPropertyValue(GetterSetterPropertyDescriptor.java:86) ~[dozer-5.5.1.jar:na]
	at org.dozer.fieldmap.FieldMap.getSrcFieldValue(FieldMap.java:86) ~[dozer-5.5.1.jar:na]
	at org.dozer.MappingProcessor.mapField(MappingProcessor.java:294) ~[dozer-5.5.1.jar:na]
	at org.dozer.MappingProcessor.map(MappingProcessor.java:267) ~[dozer-5.5.1.jar:na]
	at org.dozer.MappingProcessor.mapToDestObject(MappingProcessor.java:216) ~[dozer-5.5.1.jar:na]
	at org.dozer.MappingProcessor.createByCreationDirectiveAndMap(MappingProcessor.java:196) ~[dozer-5.5.1.jar:na]
	at org.dozer.MappingProcessor.mapCustomObject(MappingProcessor.java:512) ~[dozer-5.5.1.jar:na]
	at org.dozer.MappingProcessor.mapOrRecurseObject(MappingProcessor.java:465) ~[dozer-5.5.1.jar:na]
	at org.dozer.MappingProcessor.mapFromFieldMap(MappingProcessor.java:361) ~[dozer-5.5.1.jar:na]
	at org.dozer.MappingProcessor.mapField(MappingProcessor.java:307) ~[dozer-5.5.1.jar:na]
	at org.dozer.MappingProcessor.map(MappingProcessor.java:267) ~[dozer-5.5.1.jar:na]
	at org.dozer.MappingProcessor.mapToDestObject(MappingProcessor.java:216) ~[dozer-5.5.1.jar:na]
	at org.dozer.MappingProcessor.createByCreationDirectiveAndMap(MappingProcessor.java:196) ~[dozer-5.5.1.jar:na]
	at org.dozer.MappingProcessor.mapCustomObject(MappingProcessor.java:512) ~[dozer-5.5.1.jar:na]
	at org.dozer.MappingProcessor.mapOrRecurseObject(MappingProcessor.java:465) ~[dozer-5.5.1.jar:na]
	at org.dozer.MappingProcessor.addOrUpdateToList(MappingProcessor.java:820) ~[dozer-5.5.1.jar:na]
	at org.dozer.MappingProcessor.addOrUpdateToList(MappingProcessor.java:894) ~[dozer-5.5.1.jar:na]
	at org.dozer.MappingProcessor.mapListToList(MappingProcessor.java:730) ~[dozer-5.5.1.jar:na]
	at org.dozer.MappingProcessor.mapCollection(MappingProcessor.java:580) ~[dozer-5.5.1.jar:na]
	at org.dozer.MappingProcessor.mapOrRecurseObject(MappingProcessor.java:453) ~[dozer-5.5.1.jar:na]
	at org.dozer.MappingProcessor.mapFromFieldMap(MappingProcessor.java:361) ~[dozer-5.5.1.jar:na]
	at org.dozer.MappingProcessor.mapField(MappingProcessor.java:307) ~[dozer-5.5.1.jar:na]
	at org.dozer.MappingProcessor.map(MappingProcessor.java:267) ~[dozer-5.5.1.jar:na]
	at org.dozer.MappingProcessor.mapToDestObject(MappingProcessor.java:216) ~[dozer-5.5.1.jar:na]
	at org.dozer.MappingProcessor.createByCreationDirectiveAndMap(MappingProcessor.java:196) ~[dozer-5.5.1.jar:na]
	at org.dozer.MappingProcessor.mapCustomObject(MappingProcessor.java:512) ~[dozer-5.5.1.jar:na]
	at org.dozer.MappingProcessor.mapOrRecurseObject(MappingProcessor.java:465) ~[dozer-5.5.1.jar:na]
	at org.dozer.MappingProcessor.addOrUpdateToList(MappingProcessor.java:820) ~[dozer-5.5.1.jar:na]
	at org.dozer.MappingProcessor.addOrUpdateToList(MappingProcessor.java:894) ~[dozer-5.5.1.jar:na]
	at org.dozer.MappingProcessor.mapListToList(MappingProcessor.java:730) ~[dozer-5.5.1.jar:na]
	at org.dozer.MappingProcessor.mapCollection(MappingProcessor.java:580) ~[dozer-5.5.1.jar:na]
	at org.dozer.MappingProcessor.mapOrRecurseObject(MappingProcessor.java:453) ~[dozer-5.5.1.jar:na]
	at org.dozer.MappingProcessor.mapFromFieldMap(MappingProcessor.java:361) ~[dozer-5.5.1.jar:na]
	at org.dozer.MappingProcessor.mapField(MappingProcessor.java:307) ~[dozer-5.5.1.jar:na]
	at org.dozer.MappingProcessor.map(MappingProcessor.java:267) ~[dozer-5.5.1.jar:na]
	at org.dozer.MappingProcessor.mapToDestObject(MappingProcessor.java:216) ~[dozer-5.5.1.jar:na]
	at org.dozer.MappingProcessor.createByCreationDirectiveAndMap(MappingProcessor.java:196) ~[dozer-5.5.1.jar:na]
	at org.dozer.MappingProcessor.mapCustomObject(MappingProcessor.java:512) ~[dozer-5.5.1.jar:na]
	at org.dozer.MappingProcessor.mapOrRecurseObject(MappingProcessor.java:465) ~[dozer-5.5.1.jar:na]
	at org.dozer.MappingProcessor.mapFromFieldMap(MappingProcessor.java:361) ~[dozer-5.5.1.jar:na]
	at org.dozer.MappingProcessor.mapField(MappingProcessor.java:307) ~[dozer-5.5.1.jar:na]
	at org.dozer.MappingProcessor.map(MappingProcessor.java:267) ~[dozer-5.5.1.jar:na]
	at org.dozer.MappingProcessor.mapToDestObject(MappingProcessor.java:216) ~[dozer-5.5.1.jar:na]
	at org.dozer.MappingProcessor.createByCreationDirectiveAndMap(MappingProcessor.java:196) ~[dozer-5.5.1.jar:na]
	at org.dozer.MappingProcessor.mapGeneral(MappingProcessor.java:170) ~[dozer-5.5.1.jar:na]
	at org.dozer.MappingProcessor.map(MappingProcessor.java:104) ~[dozer-5.5.1.jar:na]
	at org.dozer.MappingProcessor.map(MappingProcessor.java:99) ~[dozer-5.5.1.jar:na]
	at org.dozer.DozerBeanMapper.map(DozerBeanMapper.java:120) ~[dozer-5.5.1.jar:na]
	at org.sigmah.server.mapper.DozerMapper.map(DozerMapper.java:61) ~[DozerMapper.class:na]
	at org.sigmah.server.service.base.AbstractEntityService.handleMapping(AbstractEntityService.java:132) ~[AbstractEntityService.class:na]
	at org.sigmah.server.service.base.AbstractEntityService.buildCreateResult(AbstractEntityService.java:117) ~[AbstractEntityService.class:na]
	at org.sigmah.server.handler.CreateEntityHandler.execute(CreateEntityHandler.java:91) ~[CreateEntityHandler.class:na]
	at org.sigmah.server.handler.CreateEntityHandler.execute(CreateEntityHandler.java:51) ~[CreateEntityHandler.class:na]
	at org.sigmah.server.handler.base.AbstractCommandHandler.execute(AbstractCommandHandler.java:117) ~[AbstractCommandHandler.class:na]
	at org.sigmah.server.dispatch.impl.UserDispatch.doExecute(UserDispatch.java:341) ~[UserDispatch.class:na]
	at org.sigmah.server.dispatch.impl.UserDispatch.execute(UserDispatch.java:251) ~[UserDispatch.class:na]
	at org.sigmah.server.dispatch.SecureDispatchServlet.execute(SecureDispatchServlet.java:170) ~[SecureDispatchServlet.class:na]
	at sun.reflect.GeneratedMethodAccessor141.invoke(Unknown Source) ~[na:na]
	at sun.reflect.DelegatingMethodAccessorImpl.invoke(Unknown Source) ~[na:1.8.0_111]
	at java.lang.reflect.Method.invoke(Unknown Source) ~[na:1.8.0_111]
	at com.google.gwt.user.server.rpc.RPC.invokeAndEncodeResponse(RPC.java:569) [gwt-servlet-2.4.0.jar:na]
	at com.google.gwt.user.server.rpc.RemoteServiceServlet.processCall(RemoteServiceServlet.java:208) [gwt-servlet-2.4.0.jar:na]
	at com.google.gwt.user.server.rpc.RemoteServiceServlet.processPost(RemoteServiceServlet.java:248) [gwt-servlet-2.4.0.jar:na]
	at com.google.gwt.user.server.rpc.AbstractRemoteServiceServlet.doPost(AbstractRemoteServiceServlet.java:62) [gwt-servlet-2.4.0.jar:na]
	at javax.servlet.http.HttpServlet.service(HttpServlet.java:648) [servlet-api.jar:na]
	at javax.servlet.http.HttpServlet.service(HttpServlet.java:729) [servlet-api.jar:na]
	at com.google.inject.servlet.ServletDefinition.doService(ServletDefinition.java:263) [guice-servlet-3.0.jar:na]
	at com.google.inject.servlet.ServletDefinition.service(ServletDefinition.java:178) [guice-servlet-3.0.jar:na]
	at com.google.inject.servlet.ManagedServletPipeline.service(ManagedServletPipeline.java:91) [guice-servlet-3.0.jar:na]
	at com.google.inject.servlet.FilterChainInvocation.doFilter(FilterChainInvocation.java:62) [guice-servlet-3.0.jar:na]
	at org.sigmah.server.servlet.filter.CacheFilter.doFilter(CacheFilter.java:143) [CacheFilter.class:na]
	at com.google.inject.servlet.FilterDefinition.doFilter(FilterDefinition.java:163) [guice-servlet-3.0.jar:na]
	at com.google.inject.servlet.FilterChainInvocation.doFilter(FilterChainInvocation.java:58) [guice-servlet-3.0.jar:na]
	at com.google.inject.persist.PersistFilter.doFilter(PersistFilter.java:89) [guice-persist-3.0.jar:na]
	at com.google.inject.servlet.FilterDefinition.doFilter(FilterDefinition.java:163) [guice-servlet-3.0.jar:na]
	at com.google.inject.servlet.FilterChainInvocation.doFilter(FilterChainInvocation.java:58) [guice-servlet-3.0.jar:na]
	at com.google.inject.servlet.ManagedFilterPipeline.dispatch(ManagedFilterPipeline.java:118) [guice-servlet-3.0.jar:na]
	at com.google.inject.servlet.GuiceFilter.doFilter(GuiceFilter.java:113) [guice-servlet-3.0.jar:na]
	at org.apache.catalina.core.ApplicationFilterChain.internalDoFilter(ApplicationFilterChain.java:239) [catalina.jar:8.0.22]
	at org.apache.catalina.core.ApplicationFilterChain.doFilter(ApplicationFilterChain.java:206) [catalina.jar:8.0.22]
	at org.apache.catalina.core.StandardWrapperValve.invoke(StandardWrapperValve.java:219) [catalina.jar:8.0.22]
	at org.apache.catalina.core.StandardContextValve.invoke(StandardContextValve.java:106) [catalina.jar:8.0.22]
	at org.apache.catalina.authenticator.AuthenticatorBase.invoke(AuthenticatorBase.java:502) [catalina.jar:8.0.22]
	at org.apache.catalina.core.StandardHostValve.invoke(StandardHostValve.java:142) [catalina.jar:8.0.22]
	at org.apache.catalina.valves.ErrorReportValve.invoke(ErrorReportValve.java:79) [catalina.jar:8.0.22]
	at org.apache.catalina.valves.AbstractAccessLogValve.invoke(AbstractAccessLogValve.java:617) [catalina.jar:8.0.22]
	at org.apache.catalina.core.StandardEngineValve.invoke(StandardEngineValve.java:88) [catalina.jar:8.0.22]
	at org.apache.catalina.connector.CoyoteAdapter.service(CoyoteAdapter.java:518) [catalina.jar:8.0.22]
	at org.apache.coyote.http11.AbstractHttp11Processor.process(AbstractHttp11Processor.java:1091) [tomcat-coyote.jar:8.0.22]
	at org.apache.coyote.AbstractProtocol$AbstractConnectionHandler.process(AbstractProtocol.java:668) [tomcat-coyote.jar:8.0.22]
	at org.apache.tomcat.util.net.AprEndpoint$SocketProcessor.doRun(AprEndpoint.java:2463) [tomcat-coyote.jar:8.0.22]
	at org.apache.tomcat.util.net.AprEndpoint$SocketProcessor.run(AprEndpoint.java:2452) [tomcat-coyote.jar:8.0.22]
	at java.util.concurrent.ThreadPoolExecutor.runWorker(Unknown Source) [na:1.8.0_111]
	at java.util.concurrent.ThreadPoolExecutor$Worker.run(Unknown Source) [na:1.8.0_111]
	at org.apache.tomcat.util.threads.TaskThread$WrappingRunnable.run(TaskThread.java:61) [tomcat-util.jar:8.0.22]
	at java.lang.Thread.run(Unknown Source) [na:1.8.0_111]
Caused by: java.lang.reflect.InvocationTargetException: null
	at sun.reflect.GeneratedMethodAccessor350.invoke(Unknown Source) ~[na:na]
	at sun.reflect.DelegatingMethodAccessorImpl.invoke(Unknown Source) ~[na:1.8.0_111]
	at java.lang.reflect.Method.invoke(Unknown Source) ~[na:1.8.0_111]
	at org.dozer.util.ReflectionUtils.invoke(ReflectionUtils.java:329) ~[dozer-5.5.1.jar:na]
	... 97 common frames omitted
Caused by: java.lang.NullPointerException: null
	at org.sigmah.server.domain.element.ContactListElement.getAllowedModelIds(ContactListElement.java:77) ~[ContactListElement.class:na]
	... 101 common frames omitted
